This file contains any messages produced by compilers while
running configure, to aid debugging if configure makes a mistake.

It was created by Xvid configure 1.3.2, which was
generated by GNU Autoconf 2.68.  Invocation command line was

  $ ./configure --prefix=/usr/local

## --------- ##
## Platform. ##
## --------- ##

hostname = Twinsun
uname -m = x86_64
uname -r = 3.13.0-32-generic
uname -s = Linux
uname -v = #57-Ubuntu SMP Tue Jul 15 03:51:08 UTC 2014

/usr/bin/uname -p = unknown
/bin/uname -X     = unknown

/bin/arch              = unknown
/usr/bin/arch -k       = unknown
/usr/convex/getsysinfo = unknown
/usr/bin/hostinfo      = unknown
/bin/machine           = unknown
/usr/bin/oslevel       = unknown
/bin/universe          = unknown

PATH: /usr/local/sbin
PATH: /usr/local/bin
PATH: /usr/sbin
PATH: /usr/bin
PATH: /sbin
PATH: /bin
PATH: /usr/games
PATH: /usr/local/games


## ----------- ##
## Core tests. ##
## ----------- ##

configure:2365: checking build system type
configure:2379: result: x86_64-unknown-linux-gnu
configure:2399: checking host system type
configure:2412: result: x86_64-unknown-linux-gnu
configure:2432: checking target system type
configure:2445: result: x86_64-unknown-linux-gnu
configure:2473: checking whether to use default CFLAGS
configure:2477: result: yes
configure:2533: checking for gcc
configure:2549: found /usr/bin/gcc
configure:2560: result: gcc
configure:2789: checking for C compiler version
configure:2798: gcc --version >&5
gcc (Ubuntu 4.8.2-19ubuntu1) 4.8.2
Copyright (C) 2013 Free Software Foundation, Inc.
This is free software; see the source for copying conditions.  There is NO
warranty; not even for MERCHANTABILITY or FITNESS FOR A PARTICULAR PURPOSE.

configure:2809: $? = 0
configure:2798: gcc -v >&5
Using built-in specs.
COLLECT_GCC=gcc
COLLECT_LTO_WRAPPER=/usr/lib/gcc/x86_64-linux-gnu/4.8/lto-wrapper
Target: x86_64-linux-gnu
Configured with: ../src/configure -v --with-pkgversion='Ubuntu 4.8.2-19ubuntu1' --with-bugurl=file:///usr/share/doc/gcc-4.8/README.Bugs --enable-languages=c,c++,java,go,d,fortran,objc,obj-c++ --prefix=/usr --program-suffix=-4.8 --enable-shared --enable-linker-build-id --libexecdir=/usr/lib --without-included-gettext --enable-threads=posix --with-gxx-include-dir=/usr/include/c++/4.8 --libdir=/usr/lib --enable-nls --with-sysroot=/ --enable-clocale=gnu --enable-libstdcxx-debug --enable-libstdcxx-time=yes --enable-gnu-unique-object --disable-libmudflap --enable-plugin --with-system-zlib --disable-browser-plugin --enable-java-awt=gtk --enable-gtk-cairo --with-java-home=/usr/lib/jvm/java-1.5.0-gcj-4.8-amd64/jre --enable-java-home --with-jvm-root-dir=/usr/lib/jvm/java-1.5.0-gcj-4.8-amd64 --with-jvm-jar-dir=/usr/lib/jvm-exports/java-1.5.0-gcj-4.8-amd64 --with-arch-directory=amd64 --with-ecj-jar=/usr/share/java/eclipse-ecj.jar --enable-objc-gc --enable-multiarch --disable-werror --with-arch-32=i686 --with-abi=m64 --with-multilib-list=m32,m64,mx32 --with-tune=generic --enable-checking=release --build=x86_64-linux-gnu --host=x86_64-linux-gnu --target=x86_64-linux-gnu
Thread model: posix
gcc version 4.8.2 (Ubuntu 4.8.2-19ubuntu1) 
configure:2809: $? = 0
configure:2798: gcc -V >&5
gcc: error: unrecognized command line option '-V'
gcc: fatal error: no input files
compilation terminated.
configure:2809: $? = 4
configure:2798: gcc -qversion >&5
gcc: error: unrecognized command line option '-qversion'
gcc: fatal error: no input files
compilation terminated.
configure:2809: $? = 4
configure:2829: checking whether the C compiler works
configure:2851: gcc    conftest.c  >&5
configure:2855: $? = 0
configure:2903: result: yes
configure:2906: checking for C compiler default output file name
configure:2908: result: a.out
configure:2914: checking for suffix of executables
configure:2921: gcc -o conftest    conftest.c  >&5
configure:2925: $? = 0
configure:2947: result: 
configure:2969: checking whether we are cross compiling
configure:2977: gcc -o conftest    conftest.c  >&5
configure:2981: $? = 0
configure:2988: ./conftest
configure:2992: $? = 0
configure:3007: result: no
configure:3012: checking for suffix of object files
configure:3034: gcc -c   conftest.c >&5
configure:3038: $? = 0
configure:3059: result: o
configure:3063: checking whether we are using the GNU C compiler
configure:3082: gcc -c   conftest.c >&5
configure:3082: $? = 0
configure:3091: result: yes
configure:3100: checking whether gcc accepts -g
configure:3120: gcc -c -g  conftest.c >&5
configure:3120: $? = 0
configure:3161: result: yes
configure:3178: checking for gcc option to accept ISO C89
configure:3242: gcc  -c -g -O2  conftest.c >&5
configure:3242: $? = 0
configure:3255: result: none needed
configure:3291: checking for a BSD-compatible install
configure:3359: result: /usr/bin/install -c
configure:3415: checking for ranlib
configure:3431: found /usr/bin/ranlib
configure:3442: result: ranlib
configure:3507: checking for ar
configure:3523: found /usr/bin/ar
configure:3534: result: ar
configure:3561: checking for whether to use assembly code
configure:3564: result: yes
configure:3566: checking for architecture type
configure:3575: result: x86_64
configure:3609: checking how to run the C preprocessor
configure:3640: gcc -E  conftest.c
configure:3640: $? = 0
configure:3654: gcc -E  conftest.c
conftest.c:9:28: fatal error: ac_nonexistent.h: No such file or directory
 #include <ac_nonexistent.h>
                            ^
compilation terminated.
configure:3654: $? = 1
configure: failed program was:
| /* confdefs.h */
| #define PACKAGE_NAME "Xvid"
| #define PACKAGE_TARNAME "xvid"
| #define PACKAGE_VERSION "1.3.2"
| #define PACKAGE_STRING "Xvid 1.3.2"
| #define PACKAGE_BUGREPORT "xvid-devel@xvid.org"
| #define PACKAGE_URL ""
| /* end confdefs.h.  */
| #include <ac_nonexistent.h>
configure:3679: result: gcc -E
configure:3699: gcc -E  conftest.c
configure:3699: $? = 0
configure:3713: gcc -E  conftest.c
conftest.c:9:28: fatal error: ac_nonexistent.h: No such file or directory
 #include <ac_nonexistent.h>
                            ^
compilation terminated.
configure:3713: $? = 1
configure: failed program was:
| /* confdefs.h */
| #define PACKAGE_NAME "Xvid"
| #define PACKAGE_TARNAME "xvid"
| #define PACKAGE_VERSION "1.3.2"
| #define PACKAGE_STRING "Xvid 1.3.2"
| #define PACKAGE_BUGREPORT "xvid-devel@xvid.org"
| #define PACKAGE_URL ""
| /* end confdefs.h.  */
| #include <ac_nonexistent.h>
configure:3742: checking for grep that handles long lines and -e
configure:3800: result: /bin/grep
configure:3805: checking for egrep
configure:3867: result: /bin/grep -E
configure:3872: checking for ANSI C header files
configure:3892: gcc -c -g -O2  conftest.c >&5
configure:3892: $? = 0
configure:3965: gcc -o conftest -g -O2   conftest.c  >&5
configure:3965: $? = 0
configure:3965: ./conftest
configure:3965: $? = 0
configure:3976: result: yes
configure:3989: checking for sys/types.h
configure:3989: gcc -c -g -O2  conftest.c >&5
configure:3989: $? = 0
configure:3989: result: yes
configure:3989: checking for sys/stat.h
configure:3989: gcc -c -g -O2  conftest.c >&5
configure:3989: $? = 0
configure:3989: result: yes
configure:3989: checking for stdlib.h
configure:3989: gcc -c -g -O2  conftest.c >&5
configure:3989: $? = 0
configure:3989: result: yes
configure:3989: checking for string.h
configure:3989: gcc -c -g -O2  conftest.c >&5
configure:3989: $? = 0
configure:3989: result: yes
configure:3989: checking for memory.h
configure:3989: gcc -c -g -O2  conftest.c >&5
configure:3989: $? = 0
configure:3989: result: yes
configure:3989: checking for strings.h
configure:3989: gcc -c -g -O2  conftest.c >&5
configure:3989: $? = 0
configure:3989: result: yes
configure:3989: checking for inttypes.h
configure:3989: gcc -c -g -O2  conftest.c >&5
configure:3989: $? = 0
configure:3989: result: yes
configure:3989: checking for stdint.h
configure:3989: gcc -c -g -O2  conftest.c >&5
configure:3989: $? = 0
configure:3989: result: yes
configure:3989: checking for unistd.h
configure:3989: gcc -c -g -O2  conftest.c >&5
configure:3989: $? = 0
configure:3989: result: yes
configure:4005: checking size of int *
configure:4010: gcc -o conftest -g -O2   conftest.c  >&5
configure:4010: $? = 0
configure:4010: ./conftest
configure:4010: $? = 0
configure:4024: result: 8
configure:4048: checking whether byte ordering is bigendian
configure:4063: gcc -c -g -O2  conftest.c >&5
conftest.c:21:9: error: unknown type name 'not'
         not a universal capable compiler
         ^
conftest.c:21:15: error: expected '=', ',', ';', 'asm' or '__attribute__' before 'universal'
         not a universal capable compiler
               ^
conftest.c:21:15: error: unknown type name 'universal'
configure:4063: $? = 1
configure: failed program was:
| /* confdefs.h */
| #define PACKAGE_NAME "Xvid"
| #define PACKAGE_TARNAME "xvid"
| #define PACKAGE_VERSION "1.3.2"
| #define PACKAGE_STRING "Xvid 1.3.2"
| #define PACKAGE_BUGREPORT "xvid-devel@xvid.org"
| #define PACKAGE_URL ""
| #define STDC_HEADERS 1
| #define HAVE_SYS_TYPES_H 1
| #define HAVE_SYS_STAT_H 1
| #define HAVE_STDLIB_H 1
| #define HAVE_STRING_H 1
| #define HAVE_MEMORY_H 1
| #define HAVE_STRINGS_H 1
| #define HAVE_INTTYPES_H 1
| #define HAVE_STDINT_H 1
| #define HAVE_UNISTD_H 1
| #define SIZEOF_INT_P 8
| /* end confdefs.h.  */
| #ifndef __APPLE_CC__
| 	       not a universal capable compiler
| 	     #endif
| 	     typedef int dummy;
| 
configure:4108: gcc -c -g -O2  conftest.c >&5
configure:4108: $? = 0
configure:4126: gcc -c -g -O2  conftest.c >&5
conftest.c: In function 'main':
conftest.c:27:4: error: unknown type name 'not'
    not big endian
    ^
conftest.c:27:12: error: expected '=', ',', ';', 'asm' or '__attribute__' before 'endian'
    not big endian
            ^
configure:4126: $? = 1
configure: failed program was:
| /* confdefs.h */
| #define PACKAGE_NAME "Xvid"
| #define PACKAGE_TARNAME "xvid"
| #define PACKAGE_VERSION "1.3.2"
| #define PACKAGE_STRING "Xvid 1.3.2"
| #define PACKAGE_BUGREPORT "xvid-devel@xvid.org"
| #define PACKAGE_URL ""
| #define STDC_HEADERS 1
| #define HAVE_SYS_TYPES_H 1
| #define HAVE_SYS_STAT_H 1
| #define HAVE_STDLIB_H 1
| #define HAVE_STRING_H 1
| #define HAVE_MEMORY_H 1
| #define HAVE_STRINGS_H 1
| #define HAVE_INTTYPES_H 1
| #define HAVE_STDINT_H 1
| #define HAVE_UNISTD_H 1
| #define SIZEOF_INT_P 8
| /* end confdefs.h.  */
| #include <sys/types.h>
| 		#include <sys/param.h>
| 
| int
| main ()
| {
| #if BYTE_ORDER != BIG_ENDIAN
| 		 not big endian
| 		#endif
| 
|   ;
|   return 0;
| }
configure:4254: result: no
configure:4273: checking for build extensions
configure:4280: result: .so .a .o
configure:4316: checking for platform specific LDFLAGS/CFLAGS
configure:4324: result: ok
configure:4401: checking for yasm
configure:4422: found /usr/bin/yasm
configure:4446: result: yes
configure:4455: checking for yasm version
configure:4461: result: 1
configure:4554: checking for asm object format
configure:4559: result: elf64
configure:4719: checking stdio.h usability
configure:4719: gcc -c -g -O2  conftest.c >&5
configure:4719: $? = 0
configure:4719: result: yes
configure:4719: checking stdio.h presence
configure:4719: gcc -E  conftest.c
configure:4719: $? = 0
configure:4719: result: yes
configure:4719: checking for stdio.h
configure:4719: result: yes
configure:4719: checking signal.h usability
configure:4719: gcc -c -g -O2  conftest.c >&5
configure:4719: $? = 0
configure:4719: result: yes
configure:4719: checking signal.h presence
configure:4719: gcc -E  conftest.c
configure:4719: $? = 0
configure:4719: result: yes
configure:4719: checking for signal.h
configure:4719: result: yes
configure:4719: checking for stdlib.h
configure:4719: result: yes
configure:4719: checking for string.h
configure:4719: result: yes
configure:4719: checking assert.h usability
configure:4719: gcc -c -g -O2  conftest.c >&5
configure:4719: $? = 0
configure:4719: result: yes
configure:4719: checking assert.h presence
configure:4719: gcc -E  conftest.c
configure:4719: $? = 0
configure:4719: result: yes
configure:4719: checking for assert.h
configure:4719: result: yes
configure:4719: checking math.h usability
configure:4719: gcc -c -g -O2  conftest.c >&5
configure:4719: $? = 0
configure:4719: result: yes
configure:4719: checking math.h presence
configure:4719: gcc -E  conftest.c
configure:4719: $? = 0
configure:4719: result: yes
configure:4719: checking for math.h
configure:4719: result: yes
configure:4734: checking pthread.h usability
configure:4734: gcc -c -g -O2  conftest.c >&5
configure:4734: $? = 0
configure:4734: result: yes
configure:4734: checking pthread.h presence
configure:4734: gcc -E  conftest.c
configure:4734: $? = 0
configure:4734: result: yes
configure:4734: checking for pthread.h
configure:4734: result: yes
configure:4736: checking for pthread_create in -lpthread
configure:4761: gcc -o conftest -g -O2   conftest.c -lpthread   >&5
configure:4761: $? = 0
configure:4770: result: yes
configure:5027: creating ./config.status

## ---------------------- ##
## Running config.status. ##
## ---------------------- ##

This file was extended by Xvid config.status 1.3.2, which was
generated by GNU Autoconf 2.68.  Invocation command line was

  CONFIG_FILES    = 
  CONFIG_HEADERS  = 
  CONFIG_LINKS    = 
  CONFIG_COMMANDS = 
  $ ./config.status 

on Twinsun

config.status:779: creating platform.inc

## ---------------- ##
## Cache variables. ##
## ---------------- ##

ac_cv_build=x86_64-unknown-linux-gnu
ac_cv_c_bigendian=no
ac_cv_c_compiler_gnu=yes
ac_cv_env_CC_set=
ac_cv_env_CC_value=
ac_cv_env_CFLAGS_set=
ac_cv_env_CFLAGS_value=
ac_cv_env_CPPFLAGS_set=
ac_cv_env_CPPFLAGS_value=
ac_cv_env_CPP_set=
ac_cv_env_CPP_value=
ac_cv_env_LDFLAGS_set=
ac_cv_env_LDFLAGS_value=
ac_cv_env_LIBS_set=
ac_cv_env_LIBS_value=
ac_cv_env_build_alias_set=
ac_cv_env_build_alias_value=
ac_cv_env_host_alias_set=
ac_cv_env_host_alias_value=
ac_cv_env_target_alias_set=
ac_cv_env_target_alias_value=
ac_cv_header_assert_h=yes
ac_cv_header_inttypes_h=yes
ac_cv_header_math_h=yes
ac_cv_header_memory_h=yes
ac_cv_header_pthread_h=yes
ac_cv_header_signal_h=yes
ac_cv_header_stdc=yes
ac_cv_header_stdint_h=yes
ac_cv_header_stdio_h=yes
ac_cv_header_stdlib_h=yes
ac_cv_header_string_h=yes
ac_cv_header_strings_h=yes
ac_cv_header_sys_stat_h=yes
ac_cv_header_sys_types_h=yes
ac_cv_header_unistd_h=yes
ac_cv_host=x86_64-unknown-linux-gnu
ac_cv_lib_pthread_pthread_create=yes
ac_cv_objext=o
ac_cv_path_EGREP='/bin/grep -E'
ac_cv_path_GREP=/bin/grep
ac_cv_path_install='/usr/bin/install -c'
ac_cv_prog_CPP='gcc -E'
ac_cv_prog_ac_ct_AR=ar
ac_cv_prog_ac_ct_CC=gcc
ac_cv_prog_ac_ct_RANLIB=ranlib
ac_cv_prog_ac_yasm=yes
ac_cv_prog_cc_c89=
ac_cv_prog_cc_g=yes
ac_cv_sizeof_int_p=8
ac_cv_target=x86_64-unknown-linux-gnu

## ----------------- ##
## Output variables. ##
## ----------------- ##

AFLAGS='-I$(<D)/ -I../../src/ -f elf64  -DMARK_FUNCS -DARCH_IS_X86_64'
ALTIVEC_CFLAGS=''
API_MAJOR='4'
API_MINOR='3'
AR='ar'
ARCHITECTURE='X86_64'
AS='yasm'
ASSEMBLY_EXTENSION='asm'
ASSEMBLY_SOURCES='SRC_X86_64'
BUS='64BIT'
CC='gcc'
CFLAGS='-Wall -O2 -fstrength-reduce -finline-functions -ffast-math -fomit-frame-pointer'
CPP='gcc -E'
CPPFLAGS=''
DCT_IA64_SOURCES=''
DEFS='-DPACKAGE_NAME=\"Xvid\" -DPACKAGE_TARNAME=\"xvid\" -DPACKAGE_VERSION=\"1.3.2\" -DPACKAGE_STRING=\"Xvid\ 1.3.2\" -DPACKAGE_BUGREPORT=\"xvid-devel@xvid.org\" -DPACKAGE_URL=\"\" -DSTDC_HEADERS=1 -DHAVE_SYS_TYPES_H=1 -DHAVE_SYS_STAT_H=1 -DHAVE_STDLIB_H=1 -DHAVE_STRING_H=1 -DHAVE_MEMORY_H=1 -DHAVE_STRINGS_H=1 -DHAVE_INTTYPES_H=1 -DHAVE_STDINT_H=1 -DHAVE_UNISTD_H=1 -DSIZEOF_INT_P=8 -DHAVE_STDIO_H=1 -DHAVE_SIGNAL_H=1 -DHAVE_STDLIB_H=1 -DHAVE_STRING_H=1 -DHAVE_ASSERT_H=1 -DHAVE_MATH_H=1'
ECHO_C=''
ECHO_N='-n'
ECHO_T=''
EGREP='/bin/grep -E'
ENDIANNESS='LITTLE_ENDIAN'
EXEEXT=''
FEATURES=''
GENERIC_SOURCES='SRC_GENERIC'
GREP='/bin/grep'
INSTALL_DATA='${INSTALL} -m 644'
INSTALL_PROGRAM='${INSTALL}'
INSTALL_SCRIPT='${INSTALL}'
LDFLAGS=''
LIBOBJS=''
LIBS=''
LTLIBOBJS=''
NASM_FORMAT='elf64'
OBJECT_EXTENSION='o'
OBJEXT='o'
PACKAGE_BUGREPORT='xvid-devel@xvid.org'
PACKAGE_NAME='Xvid'
PACKAGE_STRING='Xvid 1.3.2'
PACKAGE_TARNAME='xvid'
PACKAGE_URL=''
PACKAGE_VERSION='1.3.2'
PATH_SEPARATOR=':'
PPC_ALTIVEC_SOURCES=''
PRE_SHARED_LIB='libxvidcore.$(SHARED_EXTENSION).$(API_MAJOR).$(API_MINOR)'
RANLIB='ranlib'
SHARED_EXTENSION='so'
SHARED_LIB='libxvidcore.$(SHARED_EXTENSION).$(API_MAJOR).$(API_MINOR)'
SHELL='/bin/bash'
SPECIFIC_CFLAGS='-fPIC -DHAVE_PTHREAD '
SPECIFIC_LDFLAGS='-Wl,-soname,libxvidcore.$(SHARED_EXTENSION).$(API_MAJOR) -shared -Wl,--version-script=libxvidcore.ld -lc -lm -lpthread '
STATIC_EXTENSION='a'
STATIC_LIB='libxvidcore.$(STATIC_EXTENSION)'
ac_ct_CC='gcc'
ac_nasm=''
ac_yasm='yes'
bindir='${exec_prefix}/bin'
build='x86_64-unknown-linux-gnu'
build_alias=''
build_cpu='x86_64'
build_os='linux-gnu'
build_vendor='unknown'
datadir='${datarootdir}'
datarootdir='${prefix}/share'
docdir='${datarootdir}/doc/${PACKAGE_TARNAME}'
dvidir='${docdir}'
exec_prefix='${prefix}'
host='x86_64-unknown-linux-gnu'
host_alias=''
host_cpu='x86_64'
host_os='linux-gnu'
host_vendor='unknown'
htmldir='${docdir}'
includedir='${prefix}/include'
infodir='${datarootdir}/info'
libdir='${exec_prefix}/lib'
libexecdir='${exec_prefix}/libexec'
localedir='${datarootdir}/locale'
localstatedir='${prefix}/var'
mandir='${datarootdir}/man'
oldincludedir='/usr/include'
pdfdir='${docdir}'
prefix='/usr/local'
program_transform_name='s,x,x,'
psdir='${docdir}'
sbindir='${exec_prefix}/sbin'
sharedstatedir='${prefix}/com'
sysconfdir='${prefix}/etc'
target='x86_64-unknown-linux-gnu'
target_alias=''
target_cpu='x86_64'
target_os='linux-gnu'
target_vendor='unknown'

## ----------- ##
## confdefs.h. ##
## ----------- ##

/* confdefs.h */
#define PACKAGE_NAME "Xvid"
#define PACKAGE_TARNAME "xvid"
#define PACKAGE_VERSION "1.3.2"
#define PACKAGE_STRING "Xvid 1.3.2"
#define PACKAGE_BUGREPORT "xvid-devel@xvid.org"
#define PACKAGE_URL ""
#define STDC_HEADERS 1
#define HAVE_SYS_TYPES_H 1
#define HAVE_SYS_STAT_H 1
#define HAVE_STDLIB_H 1
#define HAVE_STRING_H 1
#define HAVE_MEMORY_H 1
#define HAVE_STRINGS_H 1
#define HAVE_INTTYPES_H 1
#define HAVE_STDINT_H 1
#define HAVE_UNISTD_H 1
#define SIZEOF_INT_P 8
#define HAVE_STDIO_H 1
#define HAVE_SIGNAL_H 1
#define HAVE_STDLIB_H 1
#define HAVE_STRING_H 1
#define HAVE_ASSERT_H 1
#define HAVE_MATH_H 1

configure: exit 0
