\BOOKMARK [1][-]{section.1}{Introduction}{}% 1
\BOOKMARK [2][-]{subsection.1.1}{Motivation}{section.1}% 2
\BOOKMARK [1][-]{section.2}{Preparation}{}% 3
\BOOKMARK [2][-]{subsection.2.1}{Background}{section.2}% 4
\BOOKMARK [3][-]{subsubsection.2.1.1}{Preliminaries}{subsection.2.1}% 5
\BOOKMARK [3][-]{subsubsection.2.1.2}{AVI encoding}{subsection.2.1}% 6
\BOOKMARK [3][-]{subsubsection.2.1.3}{JPEG compression}{subsection.2.1}% 7
\BOOKMARK [2][-]{subsection.2.2}{Existing tools}{section.2}% 8
\BOOKMARK [2][-]{subsection.2.3}{Choice of Languages and Tools}{section.2}% 9
\BOOKMARK [2][-]{subsection.2.4}{Requirements Analysis}{section.2}% 10
\BOOKMARK [3][-]{subsubsection.2.4.1}{Core Requirements}{subsection.2.4}% 11
\BOOKMARK [3][-]{subsubsection.2.4.2}{Possible Extensions}{subsection.2.4}% 12
\BOOKMARK [1][-]{section.3}{Implementation}{}% 13
\BOOKMARK [2][-]{subsection.3.1}{Introduction}{section.3}% 14
\BOOKMARK [2][-]{subsection.3.2}{Filesystem}{section.3}% 15
\BOOKMARK [2][-]{subsection.3.3}{Steganographic Algorithms}{section.3}% 16
\BOOKMARK [2][-]{subsection.3.4}{Extensions}{section.3}% 17
\BOOKMARK [1][-]{section.4}{Evaluation}{}% 18
\BOOKMARK [2][-]{subsection.4.1}{Satisfaction of Requirements}{section.4}% 19
\BOOKMARK [2][-]{subsection.4.2}{Correctness}{section.4}% 20
\BOOKMARK [2][-]{subsection.4.3}{Security}{section.4}% 21
\BOOKMARK [2][-]{subsection.4.4}{Performance}{section.4}% 22
\BOOKMARK [1][-]{section.5}{Conclusions}{}% 23
\BOOKMARK [2][-]{subsection.5.1}{Future Project Directions}{section.5}% 24
